<?xml version="1.0" encoding="UTF-8"?>
<!-- Generated by org.testng.reporters.JUnitXMLReporter -->
<testsuite hostname="DESKTOP-8L1U83C" ignored="0" name="BankingApp Test(failed)" tests="2" failures="1" timestamp="2023-02-17T17:11:38 IST" time="37.335" errors="0">
  <testcase name="loginDDT" time="14.263" classname="com.inetBanking.testCases.Tc_LoginDDT_002"/>
  <testcase name="loginDDT" time="9.594" classname="com.inetBanking.testCases.Tc_LoginDDT_002">
    <failure type="java.lang.AssertionError" message="expected [true] but found [false]">
      <![CDATA[java.lang.AssertionError: expected [true] but found [false]
at com.inetBanking.testCases.Tc_LoginDDT_002.loginDDT(Tc_LoginDDT_002.java:34)
at java.util.ArrayList.forEach(ArrayList.java:1259)
... Removed 31 stack frames]]>
    </failure>
  </testcase> <!-- loginDDT -->
</testsuite> <!-- BankingApp Test(failed) -->
